<?xml version="1.0" encoding="UTF-8"?>
<testsuite xmlns:xsi="http://www.w3.org/2001/XMLSchema-instance" xsi:noNamespaceSchemaLocation="https://maven.apache.org/surefire/maven-surefire-plugin/xsd/surefire-test-report-3.0.xsd" version="3.0" name="com.example.payments.PaymentTests" time="4.977" tests="1" errors="0" skipped="0" failures="0">
  <properties>
[...]
</properties>
  <testcase name="healthUp" classname="com.example.payments.PaymentTests" time="1.085">
    <system-out><![CDATA[16:38:00.220 [main] INFO org.springframework.test.context.support.AnnotationConfigContextLoaderUtils -- Could not detect default configuration classes for test class [com.example.payments.PaymentTests]: PaymentTests does not declare any static, non-private, non-final, nested classes annotated with @Configuration.
16:38:00.495 [main] INFO org.springframework.boot.test.context.SpringBootTestContextBootstrapper -- Found @SpringBootConfiguration com.example.payments.Application for test class com.example.payments.PaymentTests

  .   ____          _            __ _ _
 /\\ / ___'_ __ _ _(_)_ __  __ _ \ \ \ \
( ( )\___ | '_ | '_| | '_ \/ _` | \ \ \ \
 \\/  ___)| |_)| | | | | || (_| |  ) ) ) )
  '  |____| .__|_| |_|_| |_\__, | / / / /
 =========|_|==============|___/=/_/_/_/

 :: Spring Boot ::               (v3.3.11)

2025-08-22T16:38:01.315-07:00  INFO 99820 --- [           main] com.example.payments.PaymentTests        : Starting PaymentTests using Java 24.0.1 with PID 99820 (started by kylo in /Users/kylo/Desktop/CICD/app)
2025-08-22T16:38:01.317-07:00  INFO 99820 --- [           main] com.example.payments.PaymentTests        : No active profile set, falling back to 1 default profile: "default"
2025-08-22T16:38:03.080-07:00  INFO 99820 --- [           main] o.s.b.w.embedded.tomcat.TomcatWebServer  : Tomcat initialized with port 0 (http)
2025-08-22T16:38:03.102-07:00  INFO 99820 --- [           main] o.apache.catalina.core.StandardService   : Starting service [Tomcat]
2025-08-22T16:38:03.103-07:00  INFO 99820 --- [           main] o.apache.catalina.core.StandardEngine    : Starting Servlet engine: [Apache Tomcat/10.1.42]
2025-08-22T16:38:03.142-07:00  INFO 99820 --- [           main] o.a.c.c.C.[Tomcat].[localhost].[/]       : Initializing Spring embedded WebApplicationContext
2025-08-22T16:38:03.144-07:00  INFO 99820 --- [           main] w.s.c.ServletWebServerApplicationContext : Root WebApplicationContext: initialization completed in 1801 ms
2025-08-22T16:38:03.829-07:00  INFO 99820 --- [           main] o.s.b.w.embedded.tomcat.TomcatWebServer  : Tomcat started on port 58851 (http) with context path '/'
2025-08-22T16:38:03.844-07:00  INFO 99820 --- [           main] com.example.payments.PaymentTests        : Started PaymentTests in 3.053 seconds (process running for 4.714)
2025-08-22T16:38:04.854-07:00  INFO 99820 --- [o-auto-1-exec-1] o.a.c.c.C.[Tomcat].[localhost].[/]       : Initializing Spring DispatcherServlet 'dispatcherServlet'
2025-08-22T16:38:04.855-07:00  INFO 99820 --- [o-auto-1-exec-1] o.s.web.servlet.DispatcherServlet        : Initializing Servlet 'dispatcherServlet'
2025-08-22T16:38:04.862-07:00  INFO 99820 --- [o-auto-1-exec-1] o.s.web.servlet.DispatcherServlet        : Completed initialization in 7 ms
]]></system-out>
    <system-err><![CDATA[WARNING: A Java agent has been loaded dynamically (/Users/kylo/.m2/repository/net/bytebuddy/byte-buddy-agent/1.14.19/byte-buddy-agent-1.14.19.jar)
WARNING: If a serviceability tool is in use, please run with -XX:+EnableDynamicAgentLoading to hide this warning
WARNING: If a serviceability tool is not in use, please run with -Djdk.instrument.traceUsage for more information
WARNING: Dynamic loading of agents will be disallowed by default in a future release
]]></system-err>
  </testcase>
</testsuite>